kasdjfkj synatx error!!
Error cannot find a variable or cannot assign different data type of values
kasdjfkj synatx error!!
Error cannot find a variable or cannot assign different data type of values

some text 
100
c
530
c

kasdjfkj synatx error!!
Error cannot find a variable or cannot assign different data type of values
kasdjfkj synatx error!!
Error cannot find a variable or cannot assign different data type of values
kasdjfkj synatx error!!
Error cannot find a variable or cannot assign different data type of values

some text 
100
c
530
c
530
c

kasdjfkj synatx error!!
Error cannot find a variable or cannot assign different data type of values
kasdjfkj synatx error!!
Error cannot find a variable or cannot assign different data type of values

some text 
530
c
530
c

kasdjfkj synatx error!!
Error cannot find a variable or cannot assign different data type of values
kasdjfkj synatx error!!
Error cannot find a variable or cannot assign different data type of values
kasdjfkj synatx error!!
Error cannot find a variable or cannot assign different data type of values
Error cannot find a variable or cannot assign different data type of values

some text 
530
c
530
c
530
c
-2
428
c

kasdjfkj synatx error!!
Error cannot find a variable or cannot assign different data type of values
kasdjfkj synatx error!!
Error cannot find a variable or cannot assign different data type of values
kasdjfkj synatx error!!
Error cannot find a variable or cannot assign different data type of values
Error cannot find a variable or cannot assign different data type of values
Undefined Object Identifier...
Undefined Object Identifier...
Error cannot find a variable or cannot assign different data type of values

some text 
530
c
530
c
530
c
-2
428
c
"Thread 2 " 
c
-2
" !!\n" 
100
c
530

Undefined Object Identifier...
Undefined Object Identifier...
Error cannot find a variable or cannot assign different data type of values

some text 
428
428
c
"Thread 2 " 
c
3
" !!\n" 

Undefined Object Identifier...
Error cannot find a variable or cannot assign different data type of values

some text 
 
-2
-2
c
"Thread 2 " 
c
3
" !!\n" 
"Thread 2 " 
c
1
" !!\n" 
"Thread 2 " 
c
1
" !!\n" 

Undefined Object Identifier...
Error cannot find a variable or cannot assign different data type of values

some text 
"Thread 2 " 
c
2
" !!\n" 
100
c
530
"Thread 2 " 
c
2
" !!\n" 
"Thread 2 " 
c
1
" !!\n" 

